2024-09-24T06:19:03.879Z - INFO: Server running on http://localhost:3000
2024-09-24T06:23:45.855Z - INFO: Server running on http://localhost:3000
2024-09-24T06:27:52.485Z - INFO: Server running on http://localhost:3000
2024-09-24T06:49:02.495Z - INFO: Server running on http://localhost:3000
2024-09-24T06:52:39.732Z - INFO: Server running on http://localhost:3000
2024-09-24T06:53:29.762Z - INFO: Server running on http://localhost:3000
2024-09-24T06:54:19.657Z - INFO: Server running on http://localhost:3000
2024-09-24T07:01:26.116Z - INFO: Server running on http://localhost:3000
2024-09-24T07:31:40.143Z - INFO: Server running on http://localhost:3000
2024-09-24T07:52:54.137Z - INFO: Server running on http://localhost:3000
2024-09-24T07:55:21.434Z - INFO: Server running on http://localhost:3000
2024-09-24T15:17:54.348Z - INFO: Server running on http://localhost:3000
2024-09-24T15:21:30.160Z - INFO: Server running on http://localhost:3000
2024-09-24T15:26:49.969Z - INFO: Server running on http://localhost:3000
2024-09-24T15:44:41.856Z - INFO: Trainer created: John Doe
2024-09-24T15:48:44.479Z - INFO: Trainer created: Keshav
2024-09-24T16:12:55.767Z - INFO: Server running on http://localhost:3000
2024-09-24T16:13:27.965Z - INFO: Server running on http://localhost:3000
2024-09-24T16:16:40.639Z - INFO: Server running on http://localhost:3000
2024-09-24T16:17:20.880Z - ERROR: Error creating trainer: Unknown column 'approved_by_admin' in 'field list'
2024-09-24T16:18:16.925Z - ERROR: Error creating trainer: Unknown column 'approved_by_admin' in 'field list'
2024-09-24T16:20:54.350Z - INFO: Server running on http://localhost:3000
2024-09-24T16:21:05.491Z - INFO: Trainer created: John Doe
2024-09-24T16:21:24.525Z - INFO: Trainer created: Krishna
